<?xml version="1.0" encoding="UTF-8"?>
<testsuite name="JUnit Jupiter" tests="2" skipped="0" failures="1" errors="0" time="0.713" hostname="EPRUPETW6054" timestamp="2018-02-08T12:39:54">
<properties>
<property name="awt.toolkit" value="sun.awt.windows.WToolkit"/>
<property name="file.encoding" value="windows-1251"/>
<property name="file.encoding.pkg" value="sun.io"/>
<property name="file.separator" value="\"/>
<property name="java.awt.graphicsenv" value="sun.awt.Win32GraphicsEnvironment"/>
<property name="java.awt.printerjob" value="sun.awt.windows.WPrinterJob"/>
<property name="java.class.path" value="C:\Users\Zstudent\IdeaProjects\javalab-spring\build\classes\java\test;C:\Users\Zstudent\IdeaProjects\javalab-spring\build\resources\test;C:\Users\Zstudent\IdeaProjects\javalab-spring\build\classes\java\main;C:\Users\Zstudent\IdeaProjects\javalab-spring\build\resources\main;C:\Users\Zstudent\.gradle\caches\modules-2\files-2.1\org.springframework\spring-context\5.0.3.RELEASE\a7cb3317167059337d57a6ba92b7a95997322198\spring-context-5.0.3.RELEASE.jar;C:\Users\Zstudent\.gradle\caches\modules-2\files-2.1\org.apache.logging.log4j\log4j-slf4j-impl\2.10.0\8e4e0a30736175e31c7f714d95032c1734cfbdea\log4j-slf4j-impl-2.10.0.jar;C:\Users\Zstudent\.gradle\caches\modules-2\files-2.1\javax.xml.bind\jaxb-api\2.3.0\99f802e0cb3e953ba3d6e698795c4aeb98d37c48\jaxb-api-2.3.0.jar;C:\Users\Zstudent\.gradle\caches\modules-2\files-2.1\io.vavr\vavr\0.9.2\8a1ef529bdae2adcacd82fa0a8d666e76a73b2ac\vavr-0.9.2.jar;C:\Users\Zstudent\.gradle\caches\modules-2\files-2.1\org.projectlombok\lombok\1.16.20\ac76d9b956045631d1561a09289cbf472e077c01\lombok-1.16.20.jar;C:\Users\Zstudent\.gradle\caches\modules-2\files-2.1\edu.washington.cs.types.checker\checker-framework\1.7.5\cb56a085dc18f20a34ce33bac57bf1f77dceeb7a\checker-framework-1.7.5.jar;C:\Users\Zstudent\.gradle\caches\modules-2\files-2.1\org.junit.jupiter\junit-jupiter-params\5.1.0-RC1\8436597cd44d8e6a2c15cbb35858b0e8854072b\junit-jupiter-params-5.1.0-RC1.jar;C:\Users\Zstudent\.gradle\caches\modules-2\files-2.1\org.hamcrest\java-hamcrest\2.0.0.0\f1c8853ade0ecf707f5a261c830e98893983813\java-hamcrest-2.0.0.0.jar;C:\Users\Zstudent\.gradle\caches\modules-2\files-2.1\org.mockito\mockito-core\2.13.0\8e372943974e4a121fb8617baced8ebfe46d54f0\mockito-core-2.13.0.jar;C:\Users\Zstudent\.gradle\caches\modules-2\files-2.1\org.springframework\spring-test\5.0.3.RELEASE\9e1f889fd26a36e2ec1b3b080b652b86e960baf0\spring-test-5.0.3.RELEASE.jar;C:\Users\Zstudent\.gradle\caches\modules-2\files-2.1\org.junit.jupiter\junit-jupiter-engine\5.1.0-RC1\a871474133c6a66a4722a6b3a523bd7ece1b01c0\junit-jupiter-engine-5.1.0-RC1.jar;C:\Users\Zstudent\.gradle\caches\modules-2\files-2.1\org.springframework\spring-aop\5.0.3.RELEASE\25019c46a2fae8c0c4a17979665e0613949ea59f\spring-aop-5.0.3.RELEASE.jar;C:\Users\Zstudent\.gradle\caches\modules-2\files-2.1\org.springframework\spring-beans\5.0.3.RELEASE\c65a623d51721f6037505ce6c11e5d19edfa1c3a\spring-beans-5.0.3.RELEASE.jar;C:\Users\Zstudent\.gradle\caches\modules-2\files-2.1\org.springframework\spring-expression\5.0.3.RELEASE\ffc2e3d88a0b6ac6669e764a71cc3b49001eda21\spring-expression-5.0.3.RELEASE.jar;C:\Users\Zstudent\.gradle\caches\modules-2\files-2.1\org.springframework\spring-core\5.0.3.RELEASE\8950eb10c466a77677693dd495d4b6a26de315f4\spring-core-5.0.3.RELEASE.jar;C:\Users\Zstudent\.gradle\caches\modules-2\files-2.1\org.slf4j\slf4j-api\1.8.0-alpha2\34fa1d87256bbdb376ae7f6fa7e479610cd07dce\slf4j-api-1.8.0-alpha2.jar;C:\Users\Zstudent\.gradle\caches\modules-2\files-2.1\org.apache.logging.log4j\log4j-core\2.10.0\c90b597163cd28ab6d9687edd53db601b6ea75a1\log4j-core-2.10.0.jar;C:\Users\Zstudent\.gradle\caches\modules-2\files-2.1\org.apache.logging.log4j\log4j-api\2.10.0\fec5797a55b786184a537abd39c3fa1449d752d6\log4j-api-2.10.0.jar;C:\Users\Zstudent\.gradle\caches\modules-2\files-2.1\io.vavr\vavr-match\0.9.2\7249950c1c81250132c767dddbc564ec4593890a\vavr-match-0.9.2.jar;C:\Users\Zstudent\.gradle\caches\modules-2\files-2.1\org.junit.jupiter\junit-jupiter-api\5.1.0-RC1\dcb158456ce3d04f06e86f2fd474103e1b71002f\junit-jupiter-api-5.1.0-RC1.jar;C:\Users\Zstudent\.gradle\caches\modules-2\files-2.1\org.junit.platform\junit-platform-engine\1.1.0-RC1\59aee77bc4975160fef085d7b7d309591446bd09\junit-platform-engine-1.1.0-RC1.jar;C:\Users\Zstudent\.gradle\caches\modules-2\files-2.1\org.junit.platform\junit-platform-commons\1.1.0-RC1\5afb0780dafd400bf493b05d6c7e401f88081267\junit-platform-commons-1.1.0-RC1.jar;C:\Users\Zstudent\.gradle\caches\modules-2\files-2.1\org.apiguardian\apiguardian-api\1.0.0\3ef5276905e36f4d8055fe3cb0bdcc7503ffc85d\apiguardian-api-1.0.0.jar;C:\Users\Zstudent\.gradle\caches\modules-2\files-2.1\net.bytebuddy\byte-buddy\1.7.9\51218a01a882c04d0aba8c028179cce488bbcb58\byte-buddy-1.7.9.jar;C:\Users\Zstudent\.gradle\caches\modules-2\files-2.1\net.bytebuddy\byte-buddy-agent\1.7.9\a6c65f9da7f467ee1f02ff2841ffd3155aee2fc9\byte-buddy-agent-1.7.9.jar;C:\Users\Zstudent\.gradle\caches\modules-2\files-2.1\org.objenesis\objenesis\2.6\639033469776fd37c08358c6b92a4761feb2af4b\objenesis-2.6.jar;C:\Users\Zstudent\.gradle\caches\modules-2\files-2.1\org.springframework\spring-jcl\5.0.3.RELEASE\855919d50380ed6f0ccee7b8d6789f4febdb6660\spring-jcl-5.0.3.RELEASE.jar;C:\Users\Zstudent\.gradle\caches\modules-2\files-2.1\org.opentest4j\opentest4j\1.0.0\6f09c598e9ff64bf0ce2fa7e7de49a99ba83c0b4\opentest4j-1.0.0.jar;C:\Users\Zstudent\.gradle\caches\modules-2\files-2.1\org.junit.platform\junit-platform-console\1.1.0-RC1\6391650c5bf409dc1b2212d898eb9dcbf714e531\junit-platform-console-1.1.0-RC1.jar;C:\Users\Zstudent\.gradle\caches\modules-2\files-2.1\org.junit.platform\junit-platform-launcher\1.1.0-RC1\80b1763953682fce5c18786a318ce7930ce8ebeb\junit-platform-launcher-1.1.0-RC1.jar"/>
<property name="java.class.version" value="52.0"/>
<property name="java.endorsed.dirs" value="C:\Program Files\Java\jdk1.8.0_162\jre\lib\endorsed"/>
<property name="java.ext.dirs" value="C:\Program Files\Java\jdk1.8.0_162\jre\lib\ext;C:\WINDOWS\Sun\Java\lib\ext"/>
<property name="java.home" value="C:\Program Files\Java\jdk1.8.0_162\jre"/>
<property name="java.io.tmpdir" value="C:\Users\Zstudent\AppData\Local\Temp\"/>
<property name="java.library.path" value="C:\Program Files\Java\jdk1.8.0_162\bin;C:\WINDOWS\Sun\Java\bin;C:\WINDOWS\system32;C:\WINDOWS;C:\ProgramData\Oracle\Java\javapath;C:\WINDOWS\system32;C:\WINDOWS;C:\WINDOWS\System32\Wbem;C:\WINDOWS\System32\WindowsPowerShell\v1.0\;C:\Program Files\TortoiseSVN\bin;C:\Program Files\Java\jdk1.8.0_162;C:\Program Files\nodejs\;C:\Users\Zstudent\AppData\Local\Microsoft\WindowsApps;C:\Users\Zstudent\AppData\Local\Programs\Git\cmd;C:\Users\Zstudent\AppData\Roaming\npm;."/>
<property name="java.runtime.name" value="Java(TM) SE Runtime Environment"/>
<property name="java.runtime.version" value="1.8.0_162-b12"/>
<property name="java.specification.name" value="Java Platform API Specification"/>
<property name="java.specification.vendor" value="Oracle Corporation"/>
<property name="java.specification.version" value="1.8"/>
<property name="java.vendor" value="Oracle Corporation"/>
<property name="java.vendor.url" value="http://java.oracle.com/"/>
<property name="java.vendor.url.bug" value="http://bugreport.sun.com/bugreport/"/>
<property name="java.version" value="1.8.0_162"/>
<property name="java.vm.info" value="mixed mode"/>
<property name="java.vm.name" value="Java HotSpot(TM) 64-Bit Server VM"/>
<property name="java.vm.specification.name" value="Java Virtual Machine Specification"/>
<property name="java.vm.specification.vendor" value="Oracle Corporation"/>
<property name="java.vm.specification.version" value="1.8"/>
<property name="java.vm.vendor" value="Oracle Corporation"/>
<property name="java.vm.version" value="25.162-b12"/>
<property name="line.separator" value="
"/>
<property name="os.arch" value="amd64"/>
<property name="os.name" value="Windows 10"/>
<property name="os.version" value="10.0"/>
<property name="path.separator" value=";"/>
<property name="sun.arch.data.model" value="64"/>
<property name="sun.boot.class.path" value="C:\Program Files\Java\jdk1.8.0_162\jre\lib\resources.jar;C:\Program Files\Java\jdk1.8.0_162\jre\lib\rt.jar;C:\Program Files\Java\jdk1.8.0_162\jre\lib\sunrsasign.jar;C:\Program Files\Java\jdk1.8.0_162\jre\lib\jsse.jar;C:\Program Files\Java\jdk1.8.0_162\jre\lib\jce.jar;C:\Program Files\Java\jdk1.8.0_162\jre\lib\charsets.jar;C:\Program Files\Java\jdk1.8.0_162\jre\lib\jfr.jar;C:\Program Files\Java\jdk1.8.0_162\jre\classes"/>
<property name="sun.boot.library.path" value="C:\Program Files\Java\jdk1.8.0_162\jre\bin"/>
<property name="sun.cpu.endian" value="little"/>
<property name="sun.cpu.isalist" value="amd64"/>
<property name="sun.desktop" value="windows"/>
<property name="sun.io.unicode.encoding" value="UnicodeLittle"/>
<property name="sun.java.command" value="org.junit.platform.console.ConsoleLauncher --details NONE --scan-class-path C:\Users\Zstudent\IdeaProjects\javalab-spring\build\classes\java\main;C:\Users\Zstudent\IdeaProjects\javalab-spring\build\resources\main;C:\Users\Zstudent\IdeaProjects\javalab-spring\build\classes\java\test;C:\Users\Zstudent\IdeaProjects\javalab-spring\build\resources\test -n ^.*Tests?$ --reports-dir C:\Users\Zstudent\IdeaProjects\javalab-spring\build\test-results\junit-platform"/>
<property name="sun.java.launcher" value="SUN_STANDARD"/>
<property name="sun.jnu.encoding" value="Cp1251"/>
<property name="sun.management.compiler" value="HotSpot 64-Bit Tiered Compilers"/>
<property name="sun.os.patch.level" value=""/>
<property name="user.country" value="US"/>
<property name="user.dir" value="C:\Users\Zstudent\IdeaProjects\javalab-spring"/>
<property name="user.home" value="C:\Users\Zstudent"/>
<property name="user.language" value="en"/>
<property name="user.name" value="Zstudent"/>
<property name="user.script" value=""/>
<property name="user.timezone" value="Europe/Moscow"/>
<property name="user.variant" value=""/>
</properties>
<testcase name="testInitPerson()" classname="ioc.SimpleAppTest" time="0.016">
<system-out><![CDATA[
unique-id: [engine:junit-jupiter]/[class:ioc.SimpleAppTest]/[method:testInitPerson()]
display-name: testInitPerson()
]]></system-out>
</testcase>
<testcase name="testInitPerson()" classname="ioc.SpringTCFAppTest" time="0">
<failure message="expected: &lt;UsualPerson(id=1, firstName=John, lastName=Smith, country=SimpleCountry(id=1, name=Russia, codeName=RU), age=35, contacts=[SimpleContact(type=TELEPHONE, value=222-33-22), SimpleContact(type=EMAIL, value=jkhafg@kjhsd.ru)])&gt; but was: &lt;null&gt;" type="org.opentest4j.AssertionFailedError"><![CDATA[org.opentest4j.AssertionFailedError: expected: <UsualPerson(id=1, firstName=John, lastName=Smith, country=SimpleCountry(id=1, name=Russia, codeName=RU), age=35, contacts=[SimpleContact(type=TELEPHONE, value=222-33-22), SimpleContact(type=EMAIL, value=jkhafg@kjhsd.ru)])> but was: <null>
	at org.junit.jupiter.api.AssertionUtils.fail(AssertionUtils.java:52)
	at org.junit.jupiter.api.AssertEquals.failNotEqual(AssertEquals.java:197)
	at org.junit.jupiter.api.AssertEquals.assertEquals(AssertEquals.java:186)
	at org.junit.jupiter.api.AssertEquals.assertEquals(AssertEquals.java:181)
	at org.junit.jupiter.api.Assertions.assertEquals(Assertions.java:486)
	at ioc.SpringTCFAppTest.testInitPerson(SpringTCFAppTest.java:19)
	at sun.reflect.NativeMethodAccessorImpl.invoke0(Native Method)
	at sun.reflect.NativeMethodAccessorImpl.invoke(NativeMethodAccessorImpl.java:62)
	at sun.reflect.DelegatingMethodAccessorImpl.invoke(DelegatingMethodAccessorImpl.java:43)
	at java.lang.reflect.Method.invoke(Method.java:498)
	at org.junit.platform.commons.util.ReflectionUtils.invokeMethod(ReflectionUtils.java:436)
	at org.junit.jupiter.engine.execution.ExecutableInvoker.invoke(ExecutableInvoker.java:115)
	at org.junit.jupiter.engine.descriptor.TestMethodTestDescriptor.lambda$invokeTestMethod$6(TestMethodTestDescriptor.java:170)
	at org.junit.jupiter.engine.execution.ThrowableCollector.execute(ThrowableCollector.java:40)
	at org.junit.jupiter.engine.descriptor.TestMethodTestDescriptor.invokeTestMethod(TestMethodTestDescriptor.java:166)
	at org.junit.jupiter.engine.descriptor.TestMethodTestDescriptor.execute(TestMethodTestDescriptor.java:113)
	at org.junit.jupiter.engine.descriptor.TestMethodTestDescriptor.execute(TestMethodTestDescriptor.java:58)
	at org.junit.platform.engine.support.hierarchical.HierarchicalTestExecutor$NodeExecutor.lambda$executeRecursively$3(HierarchicalTestExecutor.java:112)
	at org.junit.platform.engine.support.hierarchical.SingleTestExecutor.executeSafely(SingleTestExecutor.java:66)
	at org.junit.platform.engine.support.hierarchical.HierarchicalTestExecutor$NodeExecutor.executeRecursively(HierarchicalTestExecutor.java:108)
	at org.junit.platform.engine.support.hierarchical.HierarchicalTestExecutor$NodeExecutor.execute(HierarchicalTestExecutor.java:79)
	at org.junit.platform.engine.support.hierarchical.HierarchicalTestExecutor$NodeExecutor.lambda$executeRecursively$2(HierarchicalTestExecutor.java:120)
	at java.util.stream.ForEachOps$ForEachOp$OfRef.accept(ForEachOps.java:184)
	at java.util.stream.ReferencePipeline$2$1.accept(ReferencePipeline.java:175)
	at java.util.Iterator.forEachRemaining(Iterator.java:116)
	at java.util.Spliterators$IteratorSpliterator.forEachRemaining(Spliterators.java:1801)
	at java.util.stream.AbstractPipeline.copyInto(AbstractPipeline.java:481)
	at java.util.stream.AbstractPipeline.wrapAndCopyInto(AbstractPipeline.java:471)
	at java.util.stream.ForEachOps$ForEachOp.evaluateSequential(ForEachOps.java:151)
	at java.util.stream.ForEachOps$ForEachOp$OfRef.evaluateSequential(ForEachOps.java:174)
	at java.util.stream.AbstractPipeline.evaluate(AbstractPipeline.java:234)
	at java.util.stream.ReferencePipeline.forEach(ReferencePipeline.java:418)
	at org.junit.platform.engine.support.hierarchical.HierarchicalTestExecutor$NodeExecutor.lambda$executeRecursively$3(HierarchicalTestExecutor.java:120)
	at org.junit.platform.engine.support.hierarchical.SingleTestExecutor.executeSafely(SingleTestExecutor.java:66)
	at org.junit.platform.engine.support.hierarchical.HierarchicalTestExecutor$NodeExecutor.executeRecursively(HierarchicalTestExecutor.java:108)
	at org.junit.platform.engine.support.hierarchical.HierarchicalTestExecutor$NodeExecutor.execute(HierarchicalTestExecutor.java:79)
	at org.junit.platform.engine.support.hierarchical.HierarchicalTestExecutor$NodeExecutor.lambda$executeRecursively$2(HierarchicalTestExecutor.java:120)
	at java.util.stream.ForEachOps$ForEachOp$OfRef.accept(ForEachOps.java:184)
	at java.util.stream.ReferencePipeline$2$1.accept(ReferencePipeline.java:175)
	at java.util.Iterator.forEachRemaining(Iterator.java:116)
	at java.util.Spliterators$IteratorSpliterator.forEachRemaining(Spliterators.java:1801)
	at java.util.stream.AbstractPipeline.copyInto(AbstractPipeline.java:481)
	at java.util.stream.AbstractPipeline.wrapAndCopyInto(AbstractPipeline.java:471)
	at java.util.stream.ForEachOps$ForEachOp.evaluateSequential(ForEachOps.java:151)
	at java.util.stream.ForEachOps$ForEachOp$OfRef.evaluateSequential(ForEachOps.java:174)
	at java.util.stream.AbstractPipeline.evaluate(AbstractPipeline.java:234)
	at java.util.stream.ReferencePipeline.forEach(ReferencePipeline.java:418)
	at org.junit.platform.engine.support.hierarchical.HierarchicalTestExecutor$NodeExecutor.lambda$executeRecursively$3(HierarchicalTestExecutor.java:120)
	at org.junit.platform.engine.support.hierarchical.SingleTestExecutor.executeSafely(SingleTestExecutor.java:66)
	at org.junit.platform.engine.support.hierarchical.HierarchicalTestExecutor$NodeExecutor.executeRecursively(HierarchicalTestExecutor.java:108)
	at org.junit.platform.engine.support.hierarchical.HierarchicalTestExecutor$NodeExecutor.execute(HierarchicalTestExecutor.java:79)
	at org.junit.platform.engine.support.hierarchical.HierarchicalTestExecutor.execute(HierarchicalTestExecutor.java:55)
	at org.junit.platform.engine.support.hierarchical.HierarchicalTestEngine.execute(HierarchicalTestEngine.java:43)
	at org.junit.platform.launcher.core.DefaultLauncher.execute(DefaultLauncher.java:170)
	at org.junit.platform.launcher.core.DefaultLauncher.execute(DefaultLauncher.java:154)
	at org.junit.platform.launcher.core.DefaultLauncher.execute(DefaultLauncher.java:90)
	at org.junit.platform.console.tasks.ConsoleTestExecutor.executeTests(ConsoleTestExecutor.java:65)
	at org.junit.platform.console.tasks.ConsoleTestExecutor.lambda$execute$0(ConsoleTestExecutor.java:57)
	at org.junit.platform.console.tasks.CustomContextClassLoaderExecutor.invoke(CustomContextClassLoaderExecutor.java:33)
	at org.junit.platform.console.tasks.ConsoleTestExecutor.execute(ConsoleTestExecutor.java:57)
	at org.junit.platform.console.ConsoleLauncher.executeTests(ConsoleLauncher.java:84)
	at org.junit.platform.console.ConsoleLauncher.execute(ConsoleLauncher.java:74)
	at org.junit.platform.console.ConsoleLauncher.execute(ConsoleLauncher.java:47)
	at org.junit.platform.console.ConsoleLauncher.main(ConsoleLauncher.java:39)
]]></failure>
<system-out><![CDATA[
unique-id: [engine:junit-jupiter]/[class:ioc.SpringTCFAppTest]/[method:testInitPerson()]
display-name: testInitPerson()
]]></system-out>
</testcase>
<system-out><![CDATA[
unique-id: [engine:junit-jupiter]
display-name: JUnit Jupiter
]]></system-out>
</testsuite>
